2022-06-28 13:27:01 INFO  Application:10 - start main() in Application.class
2022-06-28 13:27:01 INFO  FileReader:21 - File URL have been gotten
2022-06-28 13:27:01 INFO  FileReader:24 - Bete array from file have been gotten
2022-06-28 13:27:01 INFO  FileReader:27 - Message from file have been gotten
2022-06-28 13:27:28 INFO  Application:10 - start main() in Application.class
2022-06-28 13:27:28 INFO  FileReader:21 - File URL have been gotten
2022-06-28 13:27:28 INFO  FileReader:24 - Bete array from file have been gotten
2022-06-28 13:27:28 INFO  FileReader:27 - Message from file have been gotten
2022-06-28 13:27:28 INFO  Application:15 - finish main() in Application.class
2022-06-28 13:27:49 DEBUG Application:10 - start main() in Application.class
2022-06-28 13:27:49 INFO  FileReader:21 - File URL have been gotten
2022-06-28 13:27:49 INFO  FileReader:24 - Bete array from file have been gotten
2022-06-28 13:27:49 INFO  FileReader:27 - Message from file have been gotten
2022-06-28 13:27:49 DEBUG Application:15 - finish main() in Application.class
2022-06-28 13:28:25 INFO  FileReader:21 - File URL have been gotten
2022-06-28 13:28:25 INFO  FileReader:24 - Bete array from file have been gotten
2022-06-28 13:28:25 INFO  FileReader:27 - Message from file have been gotten
2022-06-28 13:29:24 DEBUG Application:10 - start main() in Application.class
2022-06-28 13:29:24 INFO  FileReader:21 - File URL have been gotten
2022-06-28 13:29:24 INFO  FileReader:24 - Bete array from file have been gotten
2022-06-28 13:29:24 INFO  FileReader:27 - Message from file have been gotten
2022-06-28 13:29:24 DEBUG Application:15 - finish main() in Application.class
2022-06-28 13:32:14 DEBUG Application:11 - start main() in Application.class
2022-06-28 13:32:14 INFO  FileReader:21 - File URL have been gotten
2022-06-28 13:32:14 INFO  FileReader:24 - Bete array from file have been gotten
2022-06-28 13:32:14 INFO  FileReader:27 - Message from file have been gotten
2022-06-28 13:32:14 DEBUG Application:16 - finish main() in Application.class
2022-06-28 13:32:26 DEBUG Application:11 - start main() in Application.class
2022-06-28 13:32:26 INFO  FileReader:21 - File URL have been gotten
2022-06-28 13:32:26 INFO  FileReader:24 - Bete array from file have been gotten
2022-06-28 13:32:26 INFO  FileReader:27 - Message from file have been gotten
2022-06-28 13:32:26 DEBUG Application:16 - finish main() in Application.class
2022-06-28 13:32:40 DEBUG Application:11 - start main() in Application.class
2022-06-28 13:32:40 INFO  FileReader:21 - File URL have been gotten
2022-06-28 13:32:40 INFO  FileReader:24 - Bete array from file have been gotten
2022-06-28 13:32:40 INFO  FileReader:27 - Message from file have been gotten
2022-06-28 13:32:40 DEBUG Application:16 - finish main() in Application.class
2022-06-28 16:29:40 DEBUG Application:11 - start main() in Application.class
2022-06-28 16:29:40 INFO  FileReader:21 - File URL have been gotten
2022-06-28 16:29:40 INFO  FileReader:24 - Bete array from file have been gotten
2022-06-28 16:29:40 INFO  FileReader:27 - Message from file have been gotten
2022-06-28 16:29:40 DEBUG Application:16 - finish main() in Application.class
2022-06-28 16:30:06 DEBUG Application:11 - start main() in Application.class
2022-06-28 16:30:06 INFO  FileReader:21 - File URL have been gotten
2022-06-28 16:30:06 INFO  FileReader:24 - Bete array from file have been gotten
2022-06-28 16:30:06 INFO  FileReader:27 - Message from file have been gotten
2022-06-28 16:30:06 DEBUG Application:16 - finish main() in Application.class
2022-06-28 16:46:54 DEBUG Application:16 - start main() in Application.class
2022-06-28 16:46:54 INFO  FileReader:21 - File URL have been gotten
2022-06-28 16:46:54 INFO  FileReader:24 - Bete array from file have been gotten
2022-06-28 16:46:54 INFO  FileReader:27 - Message from file have been gotten
2022-06-28 16:46:54 DEBUG Application:21 - finish main() in Application.class
2022-06-28 17:26:11 DEBUG Application:18 - start main() in Application.class
2022-06-28 17:26:11 INFO  FileReader:21 - File URL have been gotten
2022-06-28 17:26:11 INFO  FileReader:24 - Bete array from file have been gotten
2022-06-28 17:26:11 INFO  FileReader:27 - Message from file have been gotten
2022-06-28 17:26:11 DEBUG Application:23 - finish main() in Application.class
2022-06-28 17:26:38 DEBUG Application:18 - start main() in Application.class
2022-06-28 17:26:38 INFO  FileReader:21 - File URL have been gotten
2022-06-28 17:26:38 INFO  FileReader:24 - Bete array from file have been gotten
2022-06-28 17:26:38 INFO  FileReader:27 - Message from file have been gotten
2022-06-28 17:26:38 DEBUG Application:23 - finish main() in Application.class
2022-06-28 17:54:04 DEBUG Application:18 - start main() in Application.class
2022-06-28 17:54:04 INFO  FileReader:21 - File URL have been gotten
2022-06-28 17:54:04 INFO  FileReader:24 - Bete array from file have been gotten
2022-06-28 17:54:04 INFO  FileReader:27 - Message from file have been gotten
2022-06-28 17:54:04 DEBUG Application:23 - finish main() in Application.class
2022-06-28 17:54:24 DEBUG Application:18 - start main() in Application.class
2022-06-28 17:54:24 INFO  FileReader:21 - File URL have been gotten
2022-06-28 17:54:24 INFO  FileReader:24 - Bete array from file have been gotten
2022-06-28 17:54:24 INFO  FileReader:27 - Message from file have been gotten
2022-06-28 17:54:24 DEBUG Application:23 - finish main() in Application.class
2022-06-28 17:54:30 DEBUG Application:18 - start main() in Application.class
2022-06-28 17:54:30 INFO  FileReader:21 - File URL have been gotten
2022-06-28 17:54:30 INFO  FileReader:24 - Bete array from file have been gotten
2022-06-28 17:54:30 INFO  FileReader:27 - Message from file have been gotten
2022-06-28 17:54:30 DEBUG Application:23 - finish main() in Application.class
2022-06-28 17:54:41 DEBUG Application:18 - start main() in Application.class
2022-06-28 17:54:41 INFO  FileReader:21 - File URL have been gotten
2022-06-28 17:54:41 INFO  FileReader:24 - Bete array from file have been gotten
2022-06-28 17:54:41 INFO  FileReader:27 - Message from file have been gotten
2022-06-28 17:54:41 DEBUG Application:23 - finish main() in Application.class
2022-06-28 17:55:24 DEBUG Application:18 - start main() in Application.class
2022-06-28 17:55:24 INFO  FileReader:21 - File URL have been gotten
2022-06-28 17:55:24 INFO  FileReader:24 - Bete array from file have been gotten
2022-06-28 17:55:24 INFO  FileReader:27 - Message from file have been gotten
2022-06-28 17:55:24 DEBUG Application:23 - finish main() in Application.class
